2022-February-02 12:49:11 ->  Server started working
2022-February-02 12:49:47 ->  User joe officially joined the server
2022-February-02 12:49:53 ->  User joe officially joined the server
2022-February-02 12:50:07 ->  User joe left the server
2022-February-02 12:50:08 ->  User joe left the server
2022-February-02 12:50:24 ->  User localhost officially joined the server
2022-February-02 12:50:28 ->  User localhost joined channel "1024"
2022-February-02 12:50:34 ->  User localhost left channel "1024"
2022-February-02 12:50:34 ->  User localhost left the server
2022-February-02 12:50:54 ->  User joe officially joined the server
2022-February-02 12:50:57 ->  User joe officially joined the server
2022-February-02 12:51:04 ->  User joe joined channel "1024"
2022-February-02 12:51:08 ->  User joe joined channel "joe"
2022-February-02 12:51:15 ->  User joe left channel "joe"
2022-February-02 12:51:15 ->  User joe left the server
2022-February-02 12:51:16 ->  User joe left the server
2022-February-02 12:52:08 ->  Server started working
2022-February-02 12:52:41 ->  User kacper officially joined the server
2022-February-02 12:52:59 ->  User kacper officially joined the server
2022-February-02 12:53:05 ->  User kacper joined channel "siema"
2022-February-02 12:53:14 ->  User kacper sent message to channel "siema"
2022-February-02 12:53:28 ->  User kacper left channel "siema"
2022-February-02 12:53:29 ->  User kacper left the server
2022-February-02 12:53:30 ->  User kacper left the server
2022-February-02 12:55:36 ->  User kacper officially joined the server
2022-February-02 12:55:41 ->  User kacper officially joined the server
2022-February-02 12:55:48 ->  User kacper joined channel "siema"
2022-February-02 12:55:52 ->  User kacper left channel "siema"
2022-February-02 12:55:52 ->  User kacper left the server
2022-February-02 12:55:53 ->  User kacper left the server
2022-February-02 12:56:40 ->  Server started working
2022-February-02 12:57:08 ->  User kacper officially joined the server
2022-February-02 12:57:18 ->  User aleks officially joined the server
2022-February-02 12:57:22 ->  User aleks joined channel "joł"
2022-February-02 12:57:27 ->  User kacper joined channel "joł"
2022-February-02 12:57:33 ->  User kacper left channel "joł"
2022-February-02 12:57:33 ->  User kacper left the server
2022-February-02 12:57:34 ->  User aleks left channel "joł"
2022-February-02 12:57:34 ->  User aleks left the server
